2018-05-07 18:42:55 [::1][-][eq7au436u0am03me3aonnqiofg][error][Error] Error: Call to undefined method app\models\User::findIdentity() in C:\UwAmp\www\taskmanager-2018\vendor\yiisoft\yii2\web\User.php:690
Stack trace:
#0 C:\UwAmp\www\taskmanager-2018\vendor\yiisoft\yii2\web\User.php(192): yii\web\User->renewAuthStatus()
#1 C:\UwAmp\www\taskmanager-2018\vendor\yiisoft\yii2\web\User.php(360): yii\web\User->getIdentity()
#2 C:\UwAmp\www\taskmanager-2018\vendor\yiisoft\yii2\base\Component.php(139): yii\web\User->getIsGuest()
#3 C:\UwAmp\www\taskmanager-2018\vendor\yiisoft\yii2-debug\panels\UserPanel.php(81): yii\base\Component->__get('isGuest')
#4 C:\UwAmp\www\taskmanager-2018\vendor\yiisoft\yii2\base\BaseObject.php(109): yii\debug\panels\UserPanel->init()
#5 [internal function]: yii\base\BaseObject->__construct(Array)
#6 C:\UwAmp\www\taskmanager-2018\vendor\yiisoft\yii2\di\Container.php(383): ReflectionClass->newInstanceArgs(Array)
#7 C:\UwAmp\www\taskmanager-2018\vendor\yiisoft\yii2\di\Container.php(156): yii\di\Container->build('yii\\debug\\panel...', Array, Array)
#8 C:\UwAmp\www\taskmanager-2018\vendor\yiisoft\yii2\BaseYii.php(349): yii\di\Container->get('yii\\debug\\panel...', Array, Array)
#9 C:\UwAmp\www\taskmanager-2018\vendor\yiisoft\yii2-debug\Module.php(177): yii\BaseYii::createObject(Array)
#10 C:\UwAmp\www\taskmanager-2018\vendor\yiisoft\yii2-debug\Module.php(149): yii\debug\Module->initPanels()
#11 C:\UwAmp\www\taskmanager-2018\vendor\yiisoft\yii2\base\BaseObject.php(109): yii\debug\Module->init()
#12 C:\UwAmp\www\taskmanager-2018\vendor\yiisoft\yii2\base\Module.php(158): yii\base\BaseObject->__construct(Array)
#13 [internal function]: yii\base\Module->__construct('debug', Object(yii\web\Application), Array)
#14 C:\UwAmp\www\taskmanager-2018\vendor\yiisoft\yii2\di\Container.php(375): ReflectionClass->newInstanceArgs(Array)
#15 C:\UwAmp\www\taskmanager-2018\vendor\yiisoft\yii2\di\Container.php(156): yii\di\Container->build('yii\\debug\\Modul...', Array, Array)
#16 C:\UwAmp\www\taskmanager-2018\vendor\yiisoft\yii2\BaseYii.php(349): yii\di\Container->get('yii\\debug\\Modul...', Array, Array)
#17 C:\UwAmp\www\taskmanager-2018\vendor\yiisoft\yii2\base\Module.php(427): yii\BaseYii::createObject(Array, Array)
#18 C:\UwAmp\www\taskmanager-2018\vendor\yiisoft\yii2\base\Application.php(315): yii\base\Module->getModule('debug')
#19 C:\UwAmp\www\taskmanager-2018\vendor\yiisoft\yii2\web\Application.php(69): yii\base\Application->bootstrap()
#20 C:\UwAmp\www\taskmanager-2018\vendor\yiisoft\yii2\base\Application.php(273): yii\web\Application->bootstrap()
#21 C:\UwAmp\www\taskmanager-2018\vendor\yiisoft\yii2\base\BaseObject.php(109): yii\base\Application->init()
#22 C:\UwAmp\www\taskmanager-2018\vendor\yiisoft\yii2\base\Application.php(206): yii\base\BaseObject->__construct(Array)
#23 C:\UwAmp\www\taskmanager-2018\web\index.php(12): yii\base\Application->__construct(Array)
#24 {main}
2018-05-07 18:42:55 [::1][-][eq7au436u0am03me3aonnqiofg][info][application] $_GET = []

$_POST = []

$_FILES = []

$_COOKIE = [
    'PHPSESSID' => 'eq7au436u0am03me3aonnqiofg'
    '_csrf' => '45476177cf97cc3104ebf42f5c8edce21ce02cf68efc703f2cee743bc0fd506da:2:{i:0;s:5:\"_csrf\";i:1;s:32:\"CjCG3dd_kDRAnHEAD6tL1ppjBR7Jywzi\";}'
]

$_SESSION = [
    '__flash' => []
    '__id' => '100'
]

$_SERVER = [
    'PHPRC' => 'C:/UwAmp/bin/php/php-7.1.15-Win32-VC14-x86'
    'HTTP_HOST' => 'localhost'
    'HTTP_USER_AGENT' => 'Mozilla/5.0 (Windows NT 10.0; Win64; x64; rv:59.0) Gecko/20100101 Firefox/59.0'
    'HTTP_ACCEPT' => 'text/html,application/xhtml+xml,application/xml;q=0.9,*/*;q=0.8'
    'HTTP_ACCEPT_LANGUAGE' => 'fr,fr-FR;q=0.8,en-US;q=0.5,en;q=0.3'
    'HTTP_ACCEPT_ENCODING' => 'gzip, deflate'
    'HTTP_COOKIE' => 'PHPSESSID=eq7au436u0am03me3aonnqiofg; _csrf=45476177cf97cc3104ebf42f5c8edce21ce02cf68efc703f2cee743bc0fd506da%3A2%3A%7Bi%3A0%3Bs%3A5%3A%22_csrf%22%3Bi%3A1%3Bs%3A32%3A%22CjCG3dd_kDRAnHEAD6tL1ppjBR7Jywzi%22%3B%7D'
    'HTTP_CONNECTION' => 'keep-alive'
    'HTTP_UPGRADE_INSECURE_REQUESTS' => '1'
    'HTTP_CACHE_CONTROL' => 'max-age=0'
    'PATH' => 'C:\\UwAmp\\bin\\php\\php-7.1.15-Win32-VC14-x86;C:\\UwAmp\\bin\\php\\php-7.1.15-Win32-VC14-x86\\ext;C:\\ProgramData\\Oracle\\Java\\javapath;C:\\Windows\\system32;C:\\Windows;C:\\Windows\\System32\\Wbem;C:\\Windows\\System32\\WindowsPowerShell\\v1.0\\;C:\\Program Files (x86)\\NVIDIA Corporation\\PhysX\\Common;C:\\Program Files (x86)\\MySQL\\mysql-5.7.17-winx64\\bin;C:\\WINDOWS\\system32;C:\\WINDOWS;C:\\WINDOWS\\System32\\Wbem;C:\\WINDOWS\\System32\\WindowsPowerShell\\v1.0\\;C:\\wamp64\\bin\\php\\php7.0.10;C:\\ProgramData\\ComposerSetup\\bin;C:\\UwAmp\\bin\\php\\php-7.1.15-Win32-VC14-x86;C:\\Program Files\\Git\\cmd;C:\\Users\\David\\AppData\\Local\\Microsoft\\WindowsApps;C:\\Users\\David\\AppData\\Roaming\\Composer\\vendor\\bin;C:\\Program Files (x86)\\Jar2Exe Wizard\\;C:\\UwAmp\\bin\\php\\php-7.0.3\\php.ini;'
    'SystemRoot' => 'C:\\WINDOWS'
    'COMSPEC' => 'C:\\WINDOWS\\system32\\cmd.exe'
    'PATHEXT' => '.COM;.EXE;.BAT;.CMD;.VBS;.VBE;.JS;.JSE;.WSF;.WSH;.MSC'
    'WINDIR' => 'C:\\WINDOWS'
    'SERVER_SIGNATURE' => '<address>Apache/2.4.18 (Win32) OpenSSL/1.0.2f PHP/7.1.15 Server at localhost Port 80</address>
'
    'SERVER_SOFTWARE' => 'Apache/2.4.18 (Win32) OpenSSL/1.0.2f PHP/7.1.15'
    'SERVER_NAME' => 'localhost'
    'SERVER_ADDR' => '::1'
    'SERVER_PORT' => '80'
    'REMOTE_ADDR' => '::1'
    'DOCUMENT_ROOT' => 'C:/UwAmp/www/'
    'REQUEST_SCHEME' => 'http'
    'CONTEXT_PREFIX' => ''
    'CONTEXT_DOCUMENT_ROOT' => 'C:/UwAmp/www/'
    'SERVER_ADMIN' => 'contact@exemple.com'
    'SCRIPT_FILENAME' => 'C:/UwAmp/www/taskmanager-2018/web/index.php'
    'REMOTE_PORT' => '61332'
    'GATEWAY_INTERFACE' => 'CGI/1.1'
    'SERVER_PROTOCOL' => 'HTTP/1.1'
    'REQUEST_METHOD' => 'GET'
    'QUERY_STRING' => ''
    'REQUEST_URI' => '/taskmanager-2018/web/'
    'SCRIPT_NAME' => '/taskmanager-2018/web/index.php'
    'PHP_SELF' => '/taskmanager-2018/web/index.php'
    'REQUEST_TIME_FLOAT' => 1525718575.395
    'REQUEST_TIME' => 1525718575
]
